C:\Program Files\Microsoft Visual Studio\2022\Community\MSBuild\Microsoft\VC\v170\Microsoft.CppBuild.targets(517,5): warning MSB8004: Output Directory does not end with a trailing slash.  This build instance will add the slash as it is required to allow proper evaluation of the Output Directory.
  Alien.cpp
C:\Users\demet\OneDrive\Desktop\Escape\Escape\Alien.cpp(99,13): warning C4267: 'initializing': conversion from 'size_t' to 'int', possible loss of data
  enemy.cpp
  game.cpp
C:\Users\demet\OneDrive\Desktop\Escape\Escape\game.cpp(28,13): warning C4267: 'initializing': conversion from 'size_t' to 'int', possible loss of data
  gameobject.cpp
  main.cpp
  player.cpp
C:\Users\demet\OneDrive\Desktop\Escape\Escape\player.cpp(75,13): warning C4267: 'initializing': conversion from 'size_t' to 'int', possible loss of data
  star.cpp
  util.cpp
  Generating Code...
sggd.lib(graphics.obj) : warning LNK4099: PDB '' was not found with 'sggd.lib(graphics.obj)' or at ''; linking object as if no debug info
sggd.lib(GLbackend.obj) : warning LNK4099: PDB '' was not found with 'sggd.lib(GLbackend.obj)' or at ''; linking object as if no debug info
sggd.lib(shader.obj) : warning LNK4099: PDB '' was not found with 'sggd.lib(shader.obj)' or at ''; linking object as if no debug info
sggd.lib(fonts.obj) : warning LNK4099: PDB '' was not found with 'sggd.lib(fonts.obj)' or at ''; linking object as if no debug info
sggd.lib(texture.obj) : warning LNK4099: PDB '' was not found with 'sggd.lib(texture.obj)' or at ''; linking object as if no debug info
sggd.lib(AudioManager.obj) : warning LNK4099: PDB '' was not found with 'sggd.lib(AudioManager.obj)' or at ''; linking object as if no debug info
sggd.lib(lodepng.obj) : warning LNK4099: PDB '' was not found with 'sggd.lib(lodepng.obj)' or at ''; linking object as if no debug info
  Escape.vcxproj -> C:\Users\demet\OneDrive\Desktop\Escape\bin\Escape.exe
